configuration: 
{'algorithm': {'FedAvg': {}},
 'batch_size': 50,
 'client_sample_rate': 0.01,
 'client_sample_scheme': 'uniform',
 'criterion': {'CrossEntropyLoss': {'log_freq': 10}},
 'data_manager': {'BasicDataManager': {'dataset': 'cifar100',
                                       'label_balance': 0.3,
                                       'num_partitions': 1000,
                                       'root': 'data/',
                                       'rule': 'dir',
                                       'save_dir': 'partitions'}},
 'device': 'cuda',
 'epochs': 5,
 'eval_metric': 'server.avg.test.cross_entropy_score',
 'fedsim_version': '0.6.1',
 'global_score': (('Accuracy', 'log_freq:100', 'split:test'),
                  ('CrossEntropyScore', 'log_freq:100', 'split:test')),
 'local_lr_scheduler': {'StepLR': {'gamma': 1.0, 'step_size': 1}},
 'local_optimizer': {'SGD': {'lr': 0.15, 'weight_decay': 0.001}},
 'local_score': (('Accuracy', 'log_freq:50', 'split:train'),),
 'log_dir': 'runs/Aug19_23-00-51_Laya-Depth',
 'lr_scheduler': {'StepLR': {'gamma': 1.0, 'step_size': 1}},
 'maximize': False,
 'model': {'cnn_cifar100': {}},
 'n_clients': 1000,
 'n_iters': 20,
 'n_point_summary': 10,
 'optimizer': {'SGD': {'lr': 1.0}},
 'r2r_local_lr_scheduler': {'StepLR': {'gamma': 0.9999, 'step_size': 1}},
 'rounds': 2000,
 'seed': None,
 'skopt_base_estimator': 'GP',
 'skopt_n_initial_points': 10,
 'skopt_random_state': 20,
 'test_batch_size': 75,
 'train_split_name': 'train'}
average of the last 10 reports
{'server.avg.test.cross_entropy_score': 2.5547150785827637, 'server.avg.test.accuracy': 0.34025, 'clients.train.accuracy': 0.6092000000000001, 'clients.train.cross_entropy_loss': 1.5065982065582275, 'server.avg.param.norm': 26.534621047973634}
configuration: 
{'algorithm': {'FedAvg': {}},
 'batch_size': 50,
 'client_sample_rate': 0.01,
 'client_sample_scheme': 'uniform',
 'criterion': {'CrossEntropyLoss': {'log_freq': 10}},
 'data_manager': {'BasicDataManager': {'dataset': 'cifar100',
                                       'label_balance': 0.3,
                                       'num_partitions': 1000,
                                       'root': 'data/',
                                       'rule': 'dir',
                                       'save_dir': 'partitions'}},
 'device': 'cuda',
 'epochs': 5,
 'eval_metric': 'server.avg.test.cross_entropy_score',
 'fedsim_version': '0.6.1',
 'global_score': (('Accuracy', 'log_freq:100', 'split:test'),
                  ('CrossEntropyScore', 'log_freq:100', 'split:test')),
 'local_lr_scheduler': {'StepLR': {'gamma': 1.0, 'step_size': 1}},
 'local_optimizer': {'SGD': {'lr': 0.15, 'weight_decay': 0.001}},
 'local_score': (('Accuracy', 'log_freq:50', 'split:train'),),
 'log_dir': 'runs/Aug19_23-00-51_Laya-Depth',
 'lr_scheduler': {'StepLR': {'gamma': 1.0, 'step_size': 1}},
 'maximize': False,
 'model': {'cnn_cifar100': {}},
 'n_clients': 1000,
 'n_iters': 20,
 'n_point_summary': 10,
 'optimizer': {'SGD': {'lr': 1.0}},
 'r2r_local_lr_scheduler': {'StepLR': {'gamma': 0.9999, 'step_size': 1}},
 'rounds': 2000,
 'seed': None,
 'skopt_base_estimator': 'GP',
 'skopt_n_initial_points': 10,
 'skopt_random_state': 20,
 'test_batch_size': 75,
 'train_split_name': 'train'}
average of the last 10 reports
{'server.avg.test.cross_entropy_score': 2.5282554742431644, 'server.avg.test.accuracy': 0.34564000000000006, 'clients.train.accuracy': 0.60936, 'clients.train.cross_entropy_loss': 1.5092400192642212, 'server.avg.param.norm': 26.635114669799805}
configuration: 
{'algorithm': {'FedAvg': {}},
 'batch_size': 50,
 'client_sample_rate': 0.01,
 'client_sample_scheme': 'uniform',
 'criterion': {'CrossEntropyLoss': {'log_freq': 10}},
 'data_manager': {'BasicDataManager': {'dataset': 'cifar100',
                                       'label_balance': 0.3,
                                       'num_partitions': 1000,
                                       'root': 'data/',
                                       'rule': 'dir',
                                       'save_dir': 'partitions'}},
 'device': 'cuda',
 'epochs': 5,
 'eval_metric': 'server.avg.test.cross_entropy_score',
 'fedsim_version': '0.6.1',
 'global_score': (('Accuracy', 'log_freq:100', 'split:test'),
                  ('CrossEntropyScore', 'log_freq:100', 'split:test')),
 'local_lr_scheduler': {'StepLR': {'gamma': 1.0, 'step_size': 1}},
 'local_optimizer': {'SGD': {'lr': 0.15, 'weight_decay': 0.001}},
 'local_score': (('Accuracy', 'log_freq:50', 'split:train'),),
 'log_dir': 'runs/Aug19_23-00-51_Laya-Depth',
 'lr_scheduler': {'StepLR': {'gamma': 1.0, 'step_size': 1}},
 'maximize': False,
 'model': {'cnn_cifar100': {}},
 'n_clients': 1000,
 'n_iters': 20,
 'n_point_summary': 10,
 'optimizer': {'SGD': {'lr': 1.0}},
 'r2r_local_lr_scheduler': {'StepLR': {'gamma': 0.9999, 'step_size': 1}},
 'rounds': 2000,
 'seed': None,
 'skopt_base_estimator': 'GP',
 'skopt_n_initial_points': 10,
 'skopt_random_state': 20,
 'test_batch_size': 75,
 'train_split_name': 'train'}
average of the last 10 reports
{'server.avg.test.cross_entropy_score': 2.572183655319214, 'server.avg.test.accuracy': 0.33497000000000005, 'clients.train.accuracy': 0.60904, 'clients.train.cross_entropy_loss': 1.5387059697723386, 'server.avg.param.norm': 26.391418266296387}
