arguments: 
{'algorithm': {'FedAvg': {}},
 'batch_size': 50,
 'client_sample_rate': 0.01,
 'client_sample_scheme': 'uniform',
 'criterion': {'CrossEntropyLoss': {'log_freq': 10}},
 'data_manager': {'BasicDataManager': {'dataset': 'cifar100',
                                       'label_balance': 0.3,
                                       'num_partitions': 1000,
                                       'root': '../../data/',
                                       'rule': 'dir',
                                       'save_dir': 'data'}},
 'device': 'cuda',
 'epochs': 5,
 'fedsim_version': '0.6.0',
 'global_score': (('Accuracy', 'log_freq:100', 'split:test'),
                  ('CrossEntropyScore', 'log_freq:100', 'split:test')),
 'local_lr_scheduler': {'StepLR': {'gamma': 1.0, 'step_size': 1}},
 'local_optimizer': {'SGD': {'lr': 0.13, 'weight_decay': 0.001}},
 'local_score': (('Accuracy', 'log_freq:50', 'split:train'),),
 'log_dir': 'runs/Aug16_18-56-48_theBeans',
 'lr_scheduler': {'StepLR': {'gamma': 1.0, 'step_size': 1}},
 'model': {'cnn_cifar100': {}},
 'n_clients': 1000,
 'n_point_summary': 10,
 'optimizer': {'SGD': {'lr': 1.0}},
 'r2r_local_lr_scheduler': {'StepLR': {'gamma': 1, 'step_size': 1}},
 'rounds': 10000,
 'seed': None,
 'test_batch_size': 75,
 'train_split_name': 'train'}
average of the last 10 reports
{'server.avg.test.cross_entropy_score': 4.663912231964111, 'server.avg.test.accuracy': 0.009999999999999998, 'clients.train.accuracy': 0.08924, 'clients.train.cross_entropy_loss': 3.970441803588867}
