configuration: 
{'algorithm': {'FedDyn': {'alpha': 0.08962834556568848}},
 'batch_size': 50,
 'client_sample_rate': 0.01,
 'client_sample_scheme': 'uniform',
 'criterion': {'CrossEntropyLoss': {'log_freq': 10}},
 'data_manager': {'BasicDataManager': {'dataset': 'cifar100',
                                       'label_balance': 0.3,
                                       'num_partitions': 1000,
                                       'root': '../../../data/',
                                       'rule': 'dir',
                                       'save_dir': 'data'}},
 'device': 'cuda',
 'epochs': 5,
 'eval_metric': 'server.avg.test.cross_entropy_score',
 'fedsim_version': '0.6.0',
 'global_score': (('Accuracy', 'log_freq:100', 'split:test'),
                  ('CrossEntropyScore', 'log_freq:100', 'split:test')),
 'local_lr_scheduler': {'StepLR': {'gamma': 1.0, 'step_size': 1}},
 'local_optimizer': {'SGD': {'lr': 0.08945899295333642, 'weight_decay': 0.001}},
 'local_score': (('Accuracy', 'log_freq:50', 'split:train'),),
 'log_dir': 'runs/Aug17_17-19-43_theBeans',
 'lr_scheduler': {'StepLR': {'gamma': 1.0, 'step_size': 1}},
 'maximize': False,
 'model': {'cnn_cifar100': {}},
 'n_clients': 1000,
 'n_iters': 20,
 'n_point_summary': 10,
 'optimizer': {'SGD': {'lr': 1.0}},
 'r2r_local_lr_scheduler': {'StepLR': {'gamma': 0.999, 'step_size': 1}},
 'rounds': 4000,
 'seed': None,
 'skopt_base_estimator': 'GP',
 'skopt_n_initial_points': 10,
 'skopt_random_state': 10,
 'test_batch_size': 75,
 'train_split_name': 'train'}
average of the last 10 reports
{'server.cloud.test.cross_entropy_score': 2.026740198425293, 'server.cloud.test.accuracy': 0.46021, 'server.avg.test.cross_entropy_score': 2.025617558197022, 'server.avg.test.accuracy': 0.46045700000000006, 'clients.train.accuracy': 0.5794400000000001, 'clients.train.cross_entropy_loss': 1.6616648747253417, 'server.avg.param.norm': 54.6227294921875}
