configuration: 
{'algorithm': {'FedAvg': {}},
 'batch_size': 50,
 'client_sample_rate': 0.01,
 'client_sample_scheme': 'uniform',
 'criterion': {'CrossEntropyLoss': {'log_freq': 10}},
 'data_manager': {'BasicDataManager': {'dataset': 'cifar100',
                                       'label_balance': 0.3,
                                       'num_partitions': 1000,
                                       'root': 'data/',
                                       'rule': 'dir',
                                       'save_dir': 'partitions'}},
 'device': 'cuda',
 'epochs': 5,
 'eval_metric': 'server.avg.test.cross_entropy_score',
 'fedsim_version': '0.6.1',
 'global_score': (('Accuracy', 'log_freq:100', 'split:test'),
                  ('CrossEntropyScore', 'log_freq:100', 'split:test')),
 'local_lr_scheduler': {'StepLR': {'gamma': 1.0, 'step_size': 1}},
 'local_optimizer': {'SGD': {'lr': 0.15, 'weight_decay': 0.001}},
 'local_score': (('Accuracy', 'log_freq:50', 'split:train'),),
 'log_dir': 'runs/Aug22_09-39-00_Laya-Depth',
 'lr_scheduler': {'StepLR': {'gamma': 1.0, 'step_size': 1}},
 'maximize': False,
 'model': {'cnn_cifar100': {}},
 'n_clients': 1000,
 'n_iters': 20,
 'n_point_summary': 10,
 'optimizer': {'SGD': {'lr': 1.0}},
 'r2r_local_lr_scheduler': {'StepLR': {'gamma': 0.9999, 'step_size': 1}},
 'rounds': 2000,
 'seed': None,
 'skopt_base_estimator': 'GP',
 'skopt_n_initial_points': 10,
 'skopt_random_state': 20,
 'test_batch_size': 75,
 'train_split_name': 'train'}
average of the last 10 reports
{'server.avg.test.cross_entropy_score': 2.565624111938477, 'server.avg.test.accuracy': 0.33911, 'clients.train.accuracy': 0.6146799999999999, 'clients.train.cross_entropy_loss': 1.5056710776138305, 'server.avg.param.norm': 26.288774490356445}
configuration: 
{'algorithm': {'FedAvg': {}},
 'batch_size': 50,
 'client_sample_rate': 0.01,
 'client_sample_scheme': 'uniform',
 'criterion': {'CrossEntropyLoss': {'log_freq': 10}},
 'data_manager': {'BasicDataManager': {'dataset': 'cifar100',
                                       'label_balance': 0.3,
                                       'num_partitions': 1000,
                                       'root': 'data/',
                                       'rule': 'dir',
                                       'save_dir': 'partitions'}},
 'device': 'cuda',
 'epochs': 5,
 'eval_metric': 'server.avg.test.cross_entropy_score',
 'fedsim_version': '0.6.1',
 'global_score': (('Accuracy', 'log_freq:100', 'split:test'),
                  ('CrossEntropyScore', 'log_freq:100', 'split:test')),
 'local_lr_scheduler': {'StepLR': {'gamma': 1.0, 'step_size': 1}},
 'local_optimizer': {'SGD': {'lr': 0.15, 'weight_decay': 0.001}},
 'local_score': (('Accuracy', 'log_freq:50', 'split:train'),),
 'log_dir': 'runs/Aug22_09-39-00_Laya-Depth',
 'lr_scheduler': {'StepLR': {'gamma': 1.0, 'step_size': 1}},
 'maximize': False,
 'model': {'cnn_cifar100': {}},
 'n_clients': 1000,
 'n_iters': 20,
 'n_point_summary': 10,
 'optimizer': {'SGD': {'lr': 1.0}},
 'r2r_local_lr_scheduler': {'StepLR': {'gamma': 0.9999, 'step_size': 1}},
 'rounds': 2000,
 'seed': None,
 'skopt_base_estimator': 'GP',
 'skopt_n_initial_points': 10,
 'skopt_random_state': 20,
 'test_batch_size': 75,
 'train_split_name': 'train'}
average of the last 10 reports
{'server.avg.test.cross_entropy_score': 2.614335447692871, 'server.avg.test.accuracy': 0.32504, 'clients.train.accuracy': 0.5993999999999999, 'clients.train.cross_entropy_loss': 1.5822366631317137, 'server.avg.param.norm': 26.029725074768066}
configuration: 
{'algorithm': {'FedAvg': {}},
 'batch_size': 50,
 'client_sample_rate': 0.01,
 'client_sample_scheme': 'uniform',
 'criterion': {'CrossEntropyLoss': {'log_freq': 10}},
 'data_manager': {'BasicDataManager': {'dataset': 'cifar100',
                                       'label_balance': 0.3,
                                       'num_partitions': 1000,
                                       'root': 'data/',
                                       'rule': 'dir',
                                       'save_dir': 'partitions'}},
 'device': 'cuda',
 'epochs': 5,
 'eval_metric': 'server.avg.test.cross_entropy_score',
 'fedsim_version': '0.6.1',
 'global_score': (('Accuracy', 'log_freq:100', 'split:test'),
                  ('CrossEntropyScore', 'log_freq:100', 'split:test')),
 'local_lr_scheduler': {'StepLR': {'gamma': 1.0, 'step_size': 1}},
 'local_optimizer': {'SGD': {'lr': 0.15, 'weight_decay': 0.001}},
 'local_score': (('Accuracy', 'log_freq:50', 'split:train'),),
 'log_dir': 'runs/Aug22_09-39-00_Laya-Depth',
 'lr_scheduler': {'StepLR': {'gamma': 1.0, 'step_size': 1}},
 'maximize': False,
 'model': {'cnn_cifar100': {}},
 'n_clients': 1000,
 'n_iters': 20,
 'n_point_summary': 10,
 'optimizer': {'SGD': {'lr': 1.0}},
 'r2r_local_lr_scheduler': {'StepLR': {'gamma': 0.9999, 'step_size': 1}},
 'rounds': 2000,
 'seed': None,
 'skopt_base_estimator': 'GP',
 'skopt_n_initial_points': 10,
 'skopt_random_state': 20,
 'test_batch_size': 75,
 'train_split_name': 'train'}
average of the last 10 reports
{'server.avg.test.cross_entropy_score': 2.5186545179748534, 'server.avg.test.accuracy': 0.34489000000000003, 'clients.train.accuracy': 0.6217599999999999, 'clients.train.cross_entropy_loss': 1.5131261071777342, 'server.avg.param.norm': 26.72440986633301}
configuration: 
{'algorithm': {'FedAvg': {}},
 'batch_size': 50,
 'client_sample_rate': 0.01,
 'client_sample_scheme': 'uniform',
 'criterion': {'CrossEntropyLoss': {'log_freq': 10}},
 'data_manager': {'BasicDataManager': {'dataset': 'cifar100',
                                       'label_balance': 0.3,
                                       'num_partitions': 1000,
                                       'root': 'data/',
                                       'rule': 'dir',
                                       'save_dir': 'partitions'}},
 'device': 'cuda',
 'epochs': 5,
 'eval_metric': 'server.avg.test.cross_entropy_score',
 'fedsim_version': '0.6.1',
 'global_score': (('Accuracy', 'log_freq:100', 'split:test'),
                  ('CrossEntropyScore', 'log_freq:100', 'split:test')),
 'local_lr_scheduler': {'StepLR': {'gamma': 1.0, 'step_size': 1}},
 'local_optimizer': {'SGD': {'lr': 0.15, 'weight_decay': 0.001}},
 'local_score': (('Accuracy', 'log_freq:50', 'split:train'),),
 'log_dir': 'runs/Aug22_09-39-00_Laya-Depth',
 'lr_scheduler': {'StepLR': {'gamma': 1.0, 'step_size': 1}},
 'maximize': False,
 'model': {'cnn_cifar100': {}},
 'n_clients': 1000,
 'n_iters': 20,
 'n_point_summary': 10,
 'optimizer': {'SGD': {'lr': 1.0}},
 'r2r_local_lr_scheduler': {'StepLR': {'gamma': 0.9999, 'step_size': 1}},
 'rounds': 2000,
 'seed': None,
 'skopt_base_estimator': 'GP',
 'skopt_n_initial_points': 10,
 'skopt_random_state': 20,
 'test_batch_size': 75,
 'train_split_name': 'train'}
average of the last 10 reports
{'server.avg.test.cross_entropy_score': 2.557482070465088, 'server.avg.test.accuracy': 0.33707000000000004, 'clients.train.accuracy': 0.61664, 'clients.train.cross_entropy_loss': 1.5121699209213255, 'server.avg.param.norm': 26.44196300506592}
configuration: 
{'algorithm': {'FedAvg': {}},
 'batch_size': 50,
 'client_sample_rate': 0.01,
 'client_sample_scheme': 'uniform',
 'criterion': {'CrossEntropyLoss': {'log_freq': 10}},
 'data_manager': {'BasicDataManager': {'dataset': 'cifar100',
                                       'label_balance': 0.3,
                                       'num_partitions': 1000,
                                       'root': 'data/',
                                       'rule': 'dir',
                                       'save_dir': 'partitions'}},
 'device': 'cuda',
 'epochs': 5,
 'eval_metric': 'server.avg.test.cross_entropy_score',
 'fedsim_version': '0.6.1',
 'global_score': (('Accuracy', 'log_freq:100', 'split:test'),
                  ('CrossEntropyScore', 'log_freq:100', 'split:test')),
 'local_lr_scheduler': {'StepLR': {'gamma': 1.0, 'step_size': 1}},
 'local_optimizer': {'SGD': {'lr': 0.15, 'weight_decay': 0.001}},
 'local_score': (('Accuracy', 'log_freq:50', 'split:train'),),
 'log_dir': 'runs/Aug22_09-39-00_Laya-Depth',
 'lr_scheduler': {'StepLR': {'gamma': 1.0, 'step_size': 1}},
 'maximize': False,
 'model': {'cnn_cifar100': {}},
 'n_clients': 1000,
 'n_iters': 20,
 'n_point_summary': 10,
 'optimizer': {'SGD': {'lr': 1.0}},
 'r2r_local_lr_scheduler': {'StepLR': {'gamma': 0.9999, 'step_size': 1}},
 'rounds': 2000,
 'seed': None,
 'skopt_base_estimator': 'GP',
 'skopt_n_initial_points': 10,
 'skopt_random_state': 20,
 'test_batch_size': 75,
 'train_split_name': 'train'}
average of the last 10 reports
{'server.avg.test.cross_entropy_score': 2.5983582114410395, 'server.avg.test.accuracy': 0.33199, 'clients.train.accuracy': 0.60424, 'clients.train.cross_entropy_loss': 1.5478389238357544, 'server.avg.param.norm': 26.1072639465332}
configuration: 
{'algorithm': {'FedAvg': {}},
 'batch_size': 50,
 'client_sample_rate': 0.01,
 'client_sample_scheme': 'uniform',
 'criterion': {'CrossEntropyLoss': {'log_freq': 10}},
 'data_manager': {'BasicDataManager': {'dataset': 'cifar100',
                                       'label_balance': 0.3,
                                       'num_partitions': 1000,
                                       'root': 'data/',
                                       'rule': 'dir',
                                       'save_dir': 'partitions'}},
 'device': 'cuda',
 'epochs': 5,
 'eval_metric': 'server.avg.test.cross_entropy_score',
 'fedsim_version': '0.6.1',
 'global_score': (('Accuracy', 'log_freq:100', 'split:test'),
                  ('CrossEntropyScore', 'log_freq:100', 'split:test')),
 'local_lr_scheduler': {'StepLR': {'gamma': 1.0, 'step_size': 1}},
 'local_optimizer': {'SGD': {'lr': 0.15, 'weight_decay': 0.001}},
 'local_score': (('Accuracy', 'log_freq:50', 'split:train'),),
 'log_dir': 'runs/Aug22_09-39-00_Laya-Depth',
 'lr_scheduler': {'StepLR': {'gamma': 1.0, 'step_size': 1}},
 'maximize': False,
 'model': {'cnn_cifar100': {}},
 'n_clients': 1000,
 'n_iters': 20,
 'n_point_summary': 10,
 'optimizer': {'SGD': {'lr': 1.0}},
 'r2r_local_lr_scheduler': {'StepLR': {'gamma': 0.9999, 'step_size': 1}},
 'rounds': 2000,
 'seed': None,
 'skopt_base_estimator': 'GP',
 'skopt_n_initial_points': 10,
 'skopt_random_state': 20,
 'test_batch_size': 75,
 'train_split_name': 'train'}
average of the last 10 reports
{'server.avg.test.cross_entropy_score': 2.5002421621704096, 'server.avg.test.accuracy': 0.3518, 'clients.train.accuracy': 0.62752, 'clients.train.cross_entropy_loss': 1.521597616882324, 'server.avg.param.norm': 26.758109855651856}
