configuration: 
{'algorithm': {'FedAvg': {}},
 'batch_size': 50,
 'client_sample_rate': 0.01,
 'client_sample_scheme': 'uniform',
 'criterion': {'CrossEntropyLoss': {'log_freq': 10}},
 'data_manager': {'BasicDataManager': {'dataset': 'cifar100',
                                       'label_balance': 0.3,
                                       'num_partitions': 1000,
                                       'root': 'data/',
                                       'rule': 'dir',
                                       'save_dir': 'partitions'}},
 'device': 'cuda',
 'epochs': 5,
 'eval_metric': 'server.avg.test.cross_entropy_score',
 'fedsim_version': '0.6.1',
 'global_score': (('Accuracy', 'log_freq:100', 'split:test'),
                  ('CrossEntropyScore', 'log_freq:100', 'split:test')),
 'local_lr_scheduler': {'StepLR': {'gamma': 1.0, 'step_size': 1}},
 'local_optimizer': {'SGD': {'lr': Real(low=0.04, high=0.15, prior='uniform', transform='identity'),
                             'weight_decay': 0.001}},
 'local_score': (('Accuracy', 'log_freq:50', 'split:train'),),
 'log_dir': 'runs/Aug19_23-00-51_Laya-Depth',
 'lr_scheduler': {'StepLR': {'gamma': 1.0, 'step_size': 1}},
 'maximize': False,
 'model': {'cnn_cifar100': {}},
 'n_clients': 1000,
 'n_iters': 20,
 'n_point_summary': 10,
 'optimizer': {'SGD': {'lr': 1.0}},
 'r2r_local_lr_scheduler': {'StepLR': {'gamma': Real(low=0.98, high=0.9999, prior='uniform', transform='identity'),
                                       'step_size': 1}},
 'rounds': 2000,
 'seed': None,
 'skopt_base_estimator': 'GP',
 'skopt_n_initial_points': 10,
 'skopt_random_state': 20,
 'test_batch_size': 75,
 'train_split_name': 'train'}
hyper-params: 
{'local_optimizer.lr': Real(low=0.04, high=0.15, prior='uniform', transform='identity'),
 'r2r_local_lr_scheduler.gamma': Real(low=0.98, high=0.9999, prior='uniform', transform='identity')}
best metric observed (2.521) at iteration 10
best config local_optimizer.lr=0.150,r2r_local_lr_scheduler.gamma=1.000
