configuration: 
{'algorithm': {'beta': 0.8157579856868402, 'mu': 0.001},
 'batch_size': 50,
 'client_sample_rate': 0.01,
 'client_sample_scheme': 'uniform',
 'criterion': {'log_freq': 10},
 'data_manager': {'dataset': 'cifar100',
                  'label_balance': 0.3,
                  'num_partitions': 1000,
                  'rule': 'dir'},
 'device': 'cuda',
 'epochs': 5,
 'eval_metric': 'server.avg.test.cross_entropy_score',
 'global_score': (('Accuracy', 'log_freq:100', 'split:test'),
                  ('CrossEntropyScore', 'log_freq:100', 'split:test')),
 'local_lr_scheduler': {'gamma': 1.0, 'step_size': 1},
 'local_optimizer': {'lr': 0.1, 'weight_decay': 0.001},
 'local_score': (('Accuracy', 'log_freq:50', 'split:train'),),
 'log_dir': 'runs/Aug15_23-02-33_theBeans',
 'lr_scheduler': {'gamma': 1.0, 'step_size': 1},
 'maximize': False,
 'model': {},
 'n_clients': 1000,
 'n_iters': 20,
 'n_point_summary': 10,
 'optimizer': {'lr': 1.0},
 'r2r_local_lr_scheduler': {'gamma': 0.999, 'step_size': 1},
 'rounds': 1000,
 'seed': None,
 'skopt_base_estimator': 'GP',
 'skopt_n_initial_points': 10,
 'skopt_random_state': 10,
 'test_batch_size': 100,
 'train_split_name': 'train'}
average of the last 10 reports
{'server.cloud.test.cross_entropy_score': 2.9825478422546383, 'server.cloud.test.accuracy': 0.27712799999999993, 'server.avg.test.cross_entropy_score': 2.9063364296112058, 'server.avg.test.accuracy': 0.289513, 'clients.train.accuracy': 0.5913999999999999, 'clients.train.cross_entropy_loss': 1.4428383776855471}
