configuration: 
{'algorithm': {'beta': 0.9805130887537654, 'mu': 0.028929805302116394},
 'batch_size': 50,
 'client_sample_rate': 0.01,
 'client_sample_scheme': 'uniform',
 'criterion': {'log_freq': 10},
 'data_manager': {'dataset': 'cifar100',
                  'label_balance': 0.3,
                  'num_partitions': 1000,
                  'rule': 'dir'},
 'device': 'cuda',
 'epochs': 5,
 'eval_metric': 'server.avg.test.cross_entropy_score',
 'global_score': (('Accuracy', 'log_freq:100', 'split:test'),
                  ('CrossEntropyScore', 'log_freq:100', 'split:test')),
 'local_lr_scheduler': {'gamma': 1.0, 'step_size': 1},
 'local_optimizer': {'lr': 0.08156904588558238, 'weight_decay': 0.001},
 'local_score': (('Accuracy', 'log_freq:50', 'split:train'),),
 'log_dir': 'runs/Aug15_14-05-27_theBeans',
 'lr_scheduler': {'gamma': 1.0, 'step_size': 1},
 'maximize': False,
 'model': {},
 'n_clients': 1000,
 'n_iters': 20,
 'n_point_summary': 10,
 'optimizer': {'lr': 1.0},
 'r2r_local_lr_scheduler': {'gamma': 0.999, 'step_size': 1},
 'rounds': 1000,
 'seed': None,
 'skopt_base_estimator': 'GP',
 'skopt_n_initial_points': 10,
 'skopt_random_state': 0,
 'test_batch_size': 100,
 'train_split_name': 'train'}
average of the last 10 reports
{'server.cloud.test.cross_entropy_score': 3.5670019579467778, 'server.cloud.test.accuracy': 0.173526, 'server.avg.test.cross_entropy_score': 3.489934599990845, 'server.avg.test.accuracy': 0.184058, 'clients.train.accuracy': 0.35116, 'clients.train.cross_entropy_loss': 2.533075847015381}
