configuration: 
{'algorithm': {'FedAvg': {}},
 'batch_size': 50,
 'client_sample_rate': 0.01,
 'client_sample_scheme': 'uniform',
 'criterion': {'CrossEntropyLoss': {'log_freq': 10}},
 'data_manager': {'BasicDataManager': {'dataset': 'cifar100',
                                       'label_balance': 0.3,
                                       'num_partitions': 1000,
                                       'root': '../../data/',
                                       'rule': 'dir',
                                       'save_dir': 'data'}},
 'device': 'cuda',
 'epochs': 5,
 'eval_metric': 'server.avg.test.cross_entropy_score',
 'fedsim_version': '0.5.0',
 'global_score': (('Accuracy', 'log_freq:100', 'split:test'),
                  ('CrossEntropyScore', 'log_freq:100', 'split:test')),
 'local_lr_scheduler': {'StepLR': {'gamma': 1.0, 'step_size': 1}},
 'local_optimizer': {'SGD': {'lr': 0.06921227394493068, 'weight_decay': 0.001}},
 'local_score': (('Accuracy', 'log_freq:50', 'split:train'),),
 'log_dir': 'runs/Aug16_12-21-44_theBeans',
 'lr_scheduler': {'StepLR': {'gamma': 1.0, 'step_size': 1}},
 'maximize': False,
 'model': {'cnn_cifar100': {}},
 'n_clients': 1000,
 'n_iters': 10,
 'n_point_summary': 10,
 'optimizer': {'SGD': {'lr': 1.0}},
 'r2r_local_lr_scheduler': {'StepLR': {'gamma': 0.999, 'step_size': 1}},
 'rounds': 4000,
 'seed': None,
 'skopt_base_estimator': 'GP',
 'skopt_n_initial_points': 10,
 'skopt_random_state': 10,
 'test_batch_size': 75,
 'train_split_name': 'train'}
average of the last 10 reports
{'server.avg.test.accuracy': 0.322466, 'server.avg.test.cross_entropy_score': 2.67862636138916, 'clients.train.accuracy': 0.48895999999999995, 'clients.train.cross_entropy_loss': 2.0803845347595216}
configuration: 
{'algorithm': {'FedAvg': {}},
 'batch_size': 50,
 'client_sample_rate': 0.01,
 'client_sample_scheme': 'uniform',
 'criterion': {'CrossEntropyLoss': {'log_freq': 10}},
 'data_manager': {'BasicDataManager': {'dataset': 'cifar100',
                                       'label_balance': 0.3,
                                       'num_partitions': 1000,
                                       'root': '../../data/',
                                       'rule': 'dir',
                                       'save_dir': 'data'}},
 'device': 'cuda',
 'epochs': 5,
 'eval_metric': 'server.avg.test.cross_entropy_score',
 'fedsim_version': '0.5.0',
 'global_score': (('Accuracy', 'log_freq:100', 'split:test'),
                  ('CrossEntropyScore', 'log_freq:100', 'split:test')),
 'local_lr_scheduler': {'StepLR': {'gamma': 1.0, 'step_size': 1}},
 'local_optimizer': {'SGD': {'lr': 0.06899631306318477, 'weight_decay': 0.001}},
 'local_score': (('Accuracy', 'log_freq:50', 'split:train'),),
 'log_dir': 'runs/Aug16_12-21-44_theBeans',
 'lr_scheduler': {'StepLR': {'gamma': 1.0, 'step_size': 1}},
 'maximize': False,
 'model': {'cnn_cifar100': {}},
 'n_clients': 1000,
 'n_iters': 10,
 'n_point_summary': 10,
 'optimizer': {'SGD': {'lr': 1.0}},
 'r2r_local_lr_scheduler': {'StepLR': {'gamma': 0.999, 'step_size': 1}},
 'rounds': 4000,
 'seed': None,
 'skopt_base_estimator': 'GP',
 'skopt_n_initial_points': 10,
 'skopt_random_state': 10,
 'test_batch_size': 75,
 'train_split_name': 'train'}
average of the last 10 reports
{'server.avg.test.accuracy': 0.32142400000000004, 'server.avg.test.cross_entropy_score': 2.6815615878906245, 'clients.train.accuracy': 0.48767999999999995, 'clients.train.cross_entropy_loss': 2.1039147676086425}
