configuration: 
{'algorithm': {'beta': 0.9329975718997263, 'mu': 0.02081187790374259},
 'batch_size': 50,
 'client_sample_rate': 0.1,
 'client_sample_scheme': 'uniform',
 'criterion': {'log_freq': 10},
 'data_manager': {'dataset': 'cifar10',
                  'label_balance': 0.3,
                  'num_partitions': 1000,
                  'root': '../data/',
                  'rule': 'dir',
                  'save_dir': 'data'},
 'device': 'cuda',
 'epochs': 5,
 'eval_metric': 'server.avg.test.cross_entropy_score',
 'global_score': (('Accuracy', 'log_freq:100', 'split:test'),
                  ('CrossEntropyScore', 'log_freq:100', 'split:test')),
 'local_lr_scheduler': {'gamma': 1.0, 'step_size': 1},
 'local_optimizer': {'lr': 0.15, 'weight_decay': 0.001},
 'local_score': (('Accuracy', 'log_freq:50', 'split:train'),),
 'log_dir': 'runs/Aug16_10-56-55_theBeans',
 'lr_scheduler': {'gamma': 1.0, 'step_size': 1},
 'maximize': False,
 'model': {},
 'n_clients': 1000,
 'n_iters': 30,
 'n_point_summary': 10,
 'optimizer': {'lr': 1.0},
 'r2r_local_lr_scheduler': {'gamma': 0.999, 'step_size': 1},
 'rounds': 200,
 'seed': None,
 'skopt_base_estimator': 'GP',
 'skopt_n_initial_points': 10,
 'skopt_random_state': 10,
 'test_batch_size': 75,
 'train_split_name': 'train'}
average of the last 10 reports
{'server.cloud.test.accuracy': 0.49372666666666665, 'server.cloud.test.cross_entropy_score': 1.3611601421864827, 'server.avg.test.accuracy': 0.49478, 'server.avg.test.cross_entropy_score': 1.3556371736272175, 'clients.train.accuracy': 0.640536, 'clients.train.cross_entropy_loss': 0.67505309014225}
