configuration: 
{'algorithm': {'beta': Real(low=0.85, high=1, prior='uniform', transform='identity'),
               'mu': Real(low=0.001, high=0.2, prior='uniform', transform='identity')},
 'batch_size': 50,
 'client_sample_rate': 0.01,
 'client_sample_scheme': 'uniform',
 'criterion': {'log_freq': 10},
 'data_manager': {'dataset': 'cifar100',
                  'label_balance': 0.3,
                  'num_partitions': 1000,
                  'rule': 'dir'},
 'device': 'cuda',
 'epochs': 5,
 'eval_metric': 'server.avg.test.cross_entropy_score',
 'global_score': (('Accuracy', 'log_freq:100', 'split:test'),
                  ('CrossEntropyScore', 'log_freq:100', 'split:test')),
 'local_lr_scheduler': {'gamma': 1.0, 'step_size': 1},
 'local_optimizer': {'lr': Real(low=0.02, high=0.15, prior='uniform', transform='identity'),
                     'weight_decay': 0.001},
 'local_score': (('Accuracy', 'log_freq:50', 'split:train'),),
 'log_dir': 'runs/Aug15_14-05-27_theBeans',
 'lr_scheduler': {'gamma': 1.0, 'step_size': 1},
 'maximize': False,
 'model': {},
 'n_clients': 1000,
 'n_iters': 20,
 'n_point_summary': 10,
 'optimizer': {'lr': 1.0},
 'r2r_local_lr_scheduler': {'gamma': 0.999, 'step_size': 1},
 'rounds': 1000,
 'seed': None,
 'skopt_base_estimator': 'GP',
 'skopt_n_initial_points': 10,
 'skopt_random_state': 0,
 'test_batch_size': 100,
 'train_split_name': 'train'}
hyper-params: 
{'algorithm.beta': Real(low=0.85, high=1, prior='uniform', transform='identity'),
 'algorithm.mu': Real(low=0.001, high=0.2, prior='uniform', transform='identity'),
 'local_optimizer.lr': Real(low=0.02, high=0.15, prior='uniform', transform='identity')}
best metric observed (2.796) at iteration 1
best config algorithm.mu=0.170,algorithm.beta=0.944,local_optimizer.lr=0.070
